  UNIT                                                                                                                LOAD   ACTIVE SUB       DESCRIPTION                                                                                       
  sys-devices-platform-backlight-backlight-backlight.device                                                           loaded active plugged   /sys/devices/platform/backlight/backlight/backlight                                               
  sys-devices-platform-bus\x4054100000-80000000.imx8_gpu1_ss-drm-card0.device                                         loaded active plugged   /sys/devices/platform/bus@54100000/80000000.imx8_gpu1_ss/drm/card0                                
  sys-devices-platform-bus\x405a000000-5a060000.serial-tty-ttyLP0.device                                              loaded active plugged   /sys/devices/platform/bus@5a000000/5a060000.serial/tty/ttyLP0                                     
  sys-devices-platform-bus\x405a000000-5a070000.serial-tty-ttyLP1.device                                              loaded active plugged   /sys/devices/platform/bus@5a000000/5a070000.serial/tty/ttyLP1                                     
  sys-devices-platform-bus\x405a000000-5a080000.serial-tty-ttyLP2.device                                              loaded active plugged   /sys/devices/platform/bus@5a000000/5a080000.serial/tty/ttyLP2                                     
  sys-devices-platform-bus\x405a000000-5a090000.serial-tty-ttyLP3.device                                              loaded active plugged   /sys/devices/platform/bus@5a000000/5a090000.serial/tty/ttyLP3                                     
  sys-devices-platform-bus\x405a000000-5a8d0000.can-net-can0.device                                                   loaded active plugged   /sys/devices/platform/bus@5a000000/5a8d0000.can/net/can0                                          
  sys-devices-platform-bus\x405a000000-5a8e0000.can-net-can1.device                                                   loaded active plugged   /sys/devices/platform/bus@5a000000/5a8e0000.can/net/can1                                          
  sys-devices-platform-bus\x405b000000-5b010000.mmc-mmc_host-mmc0-mmc0:0001-block-mmcblk0-mmcblk0boot0.device         loaded active plugged   /sys/devices/platform/bus@5b000000/5b010000.mmc/mmc_host/mmc0/mmc0:0001/block/mmcblk0/mmcblk0boot0
  sys-devices-platform-bus\x405b000000-5b010000.mmc-mmc_host-mmc0-mmc0:0001-block-mmcblk0-mmcblk0boot1.device         loaded active plugged   /sys/devices/platform/bus@5b000000/5b010000.mmc/mmc_host/mmc0/mmc0:0001/block/mmcblk0/mmcblk0boot1
  sys-devices-platform-bus\x405b000000-5b010000.mmc-mmc_host-mmc0-mmc0:0001-block-mmcblk0-mmcblk0p1.device            loaded active plugged   /sys/devices/platform/bus@5b000000/5b010000.mmc/mmc_host/mmc0/mmc0:0001/block/mmcblk0/mmcblk0p1   
  sys-devices-platform-bus\x405b000000-5b010000.mmc-mmc_host-mmc0-mmc0:0001-block-mmcblk0-mmcblk0p2.device            loaded active plugged   /sys/devices/platform/bus@5b000000/5b010000.mmc/mmc_host/mmc0/mmc0:0001/block/mmcblk0/mmcblk0p2   
  sys-devices-platform-bus\x405b000000-5b010000.mmc-mmc_host-mmc0-mmc0:0001-block-mmcblk0.device                      loaded active plugged   /sys/devices/platform/bus@5b000000/5b010000.mmc/mmc_host/mmc0/mmc0:0001/block/mmcblk0             
  sys-devices-platform-bus\x405b000000-5b040000.ethernet-net-eth0.device                                              loaded active plugged   /sys/devices/platform/bus@5b000000/5b040000.ethernet/net/eth0                                     
  sys-devices-platform-bus\x405b000000-5b0d0000.usb-ci_hdrc.0-gadget-net-usb0.device                                  loaded active plugged   /sys/devices/platform/bus@5b000000/5b0d0000.usb/ci_hdrc.0/gadget/net/usb0                         
  sys-devices-platform-bus\x405b000000-5b0d0000.usb-ci_hdrc.0-udc-ci_hdrc.0.device                                    loaded active plugged   /sys/devices/platform/bus@5b000000/5b0d0000.usb/ci_hdrc.0/udc/ci_hdrc.0                           
  sys-devices-platform-bus\x405b000000-5b0e0000.usb-ci_hdrc.1-usb3-3\x2d1-3\x2d1.1-3\x2d1.1:1.0-bluetooth-hci0.device loaded active plugged   /sys/devices/platform/bus@5b000000/5b0e0000.usb/ci_hdrc.1/usb3/3-1/3-1.1/3-1.1:1.0/bluetooth/hci0 
  sys-devices-platform-bus\x405f000000-5f010000.pcie-pci0000:00-0000:00:00.0-0000:01:00.0-net-mlan0.device            loaded active plugged   /sys/devices/platform/bus@5f000000/5f010000.pcie/pci0000:00/0000:00:00.0/0000:01:00.0/net/mlan0   
  sys-devices-platform-bus\x405f000000-5f010000.pcie-pci0000:00-0000:00:00.0-0000:01:00.0-net-uap0.device             loaded active plugged   /sys/devices/platform/bus@5f000000/5f010000.pcie/pci0000:00/0000:00:00.0/0000:01:00.0/net/uap0    
  sys-devices-platform-display\x2dsubsystem-graphics-fb0.device                                                       loaded active plugged   /sys/devices/platform/display-subsystem/graphics/fb0                                              
  sys-devices-platform-serial8250-tty-ttyS0.device                                                                    loaded active plugged   /sys/devices/platform/serial8250/tty/ttyS0                                                        
  sys-devices-platform-serial8250-tty-ttyS1.device                                                                    loaded active plugged   /sys/devices/platform/serial8250/tty/ttyS1                                                        
  sys-devices-platform-serial8250-tty-ttyS2.device                                                                    loaded active plugged   /sys/devices/platform/serial8250/tty/ttyS2                                                        
  sys-devices-platform-serial8250-tty-ttyS3.device                                                                    loaded active plugged   /sys/devices/platform/serial8250/tty/ttyS3                                                        
  sys-devices-platform-sound-sound-card1.device                                                                       loaded active plugged   /sys/devices/platform/sound/sound/card1                                                           
  sys-devices-platform-sound\x2dhdmi-sound-card2.device                                                               loaded active plugged   /sys/devices/platform/sound-hdmi/sound/card2                                                      
  sys-devices-platform-sound\x2dspdif-sound-card0.device                                                              loaded active plugged   /sys/devices/platform/sound-spdif/sound/card0                                                     
  sys-devices-virtual-block-zram0.device                                                                              loaded active plugged   /sys/devices/virtual/block/zram0                                                                  
  sys-devices-virtual-misc-rfkill.device                                                                              loaded active plugged   /sys/devices/virtual/misc/rfkill                                                                  
  sys-devices-virtual-tty-ttyp0.device                                                                                loaded active plugged   /sys/devices/virtual/tty/ttyp0                                                                    
  sys-devices-virtual-tty-ttyp1.device                                                                                loaded active plugged   /sys/devices/virtual/tty/ttyp1                                                                    
  sys-devices-virtual-tty-ttyp2.device                                                                                loaded active plugged   /sys/devices/virtual/tty/ttyp2                                                                    
  sys-devices-virtual-tty-ttyp3.device                                                                                loaded active plugged   /sys/devices/virtual/tty/ttyp3                                                                    
  sys-devices-virtual-tty-ttyp4.device                                                                                loaded active plugged   /sys/devices/virtual/tty/ttyp4                                                                    
  sys-devices-virtual-tty-ttyp5.device                                                                                loaded active plugged   /sys/devices/virtual/tty/ttyp5                                                                    
  sys-devices-virtual-tty-ttyp6.device                                                                                loaded active plugged   /sys/devices/virtual/tty/ttyp6                                                                    
  sys-devices-virtual-tty-ttyp7.device                                                                                loaded active plugged   /sys/devices/virtual/tty/ttyp7                                                                    
  sys-devices-virtual-tty-ttyp8.device                                                                                loaded active plugged   /sys/devices/virtual/tty/ttyp8                                                                    
  sys-devices-virtual-tty-ttyp9.device                                                                                loaded active plugged   /sys/devices/virtual/tty/ttyp9                                                                    
  sys-devices-virtual-tty-ttypa.device                                                                                loaded active plugged   /sys/devices/virtual/tty/ttypa                                                                    
  sys-devices-virtual-tty-ttypb.device                                                                                loaded active plugged   /sys/devices/virtual/tty/ttypb                                                                    
  sys-devices-virtual-tty-ttypc.device                                                                                loaded active plugged   /sys/devices/virtual/tty/ttypc                                                                    
  sys-devices-virtual-tty-ttypd.device                                                                                loaded active plugged   /sys/devices/virtual/tty/ttypd                                                                    
  sys-devices-virtual-tty-ttype.device                                                                                loaded active plugged   /sys/devices/virtual/tty/ttype                                                                    
  sys-devices-virtual-tty-ttypf.device                                                                                loaded active plugged   /sys/devices/virtual/tty/ttypf                                                                    
  sys-module-configfs.device                                                                                          loaded active plugged   /sys/module/configfs                                                                              
  sys-subsystem-bluetooth-devices-hci0.device                                                                         loaded active plugged   /sys/subsystem/bluetooth/devices/hci0                                                             
  sys-subsystem-net-devices-can0.device                                                                               loaded active plugged   /sys/subsystem/net/devices/can0                                                                   
  sys-subsystem-net-devices-can1.device                                                                               loaded active plugged   /sys/subsystem/net/devices/can1                                                                   
  sys-subsystem-net-devices-eth0.device                                                                               loaded active plugged   /sys/subsystem/net/devices/eth0                                                                   
  sys-subsystem-net-devices-mlan0.device                                                                              loaded active plugged   /sys/subsystem/net/devices/mlan0                                                                  
  sys-subsystem-net-devices-uap0.device                                                                               loaded active plugged   /sys/subsystem/net/devices/uap0                                                                   
  sys-subsystem-net-devices-usb0.device                                                                               loaded active plugged   /sys/subsystem/net/devices/usb0                                                                   
  -.mount                                                                                                             loaded active mounted   Root Mount                                                                                        
  boot.mount                                                                                                          loaded active mounted   /boot                                                                                             
  dev-hugepages.mount                                                                                                 loaded active mounted   Huge Pages File System                                                                            
  dev-mqueue.mount                                                                                                    loaded active mounted   POSIX Message Queue File System                                                                   
  sys-kernel-config.mount                                                                                             loaded active mounted   Kernel Configuration File System                                                                  
  sys-kernel-debug.mount                                                                                              loaded active mounted   Kernel Debug File System                                                                          
  tmp.mount                                                                                                           loaded active mounted   Temporary Directory (/tmp)                                                                        
  var-volatile.mount                                                                                                  loaded active mounted   /var/volatile                                                                                     
  systemd-ask-password-console.path                                                                                   loaded active waiting   Dispatch Password Requests to Console Directory Watch                                             
  systemd-ask-password-wall.path                                                                                      loaded active waiting   Forward Password Requests to Wall Directory Watch                                                 
  init.scope                                                                                                          loaded active running   System and Service Manager                                                                        
  alsa-restore.service                                                                                                loaded active exited    Save/Restore Sound Card State                                                                     
  avahi-daemon.service                                                                                                loaded active running   Avahi mDNS/DNS-SD Stack                                                                           
  bluetooth.service                                                                                                   loaded active running   Bluetooth service                                                                                 
* bluez-alsa.service                                                                                                  loaded failed failed    Bluetooth Audio ALSA Backend                                                                      
  busybox-klogd.service                                                                                               loaded active running   Kernel Logging Service                                                                            
  busybox-syslog.service                                                                                              loaded active running   System Logging Service                                                                            
  connman.service                                                                                                     loaded active running   Connection service                                                                                
  dbus.service                                                                                                        loaded active running   D-Bus System Message Bus                                                                          
  getty@tty1.service                                                                                                  loaded active running   Getty on tty1                                                                                     
  ip6tables.service                                                                                                   loaded active exited    IPv6 Packet Filtering Framework                                                                   
  iptables.service                                                                                                    loaded active exited    IPv4 Packet Filtering Framework                                                                   
  kmod-static-nodes.service                                                                                           loaded active exited    Create list of static device nodes for the current kernel                                         
  nfs-statd.service                                                                                                   loaded active running   NFS status monitor for NFSv2/3 locking.                                                           
  ofono.service                                                                                                       loaded active running   Telephony service                                                                                 
  rngd.service                                                                                                        loaded active running   Hardware RNG Entropy Gatherer Daemon                                                              
  rpcbind.service                                                                                                     loaded active running   RPC Bind                                                                                          
  serial-getty@ttyLP1.service                                                                                         loaded active running   Serial Getty on ttyLP1                                                                            
  systemd-backlight@backlight:backlight.service                                                                       loaded active exited    Load/Save Screen Backlight Brightness of backlight:backlight                                      
  systemd-fsck-root.service                                                                                           loaded active exited    File System Check on Root Device                                                                  
* systemd-hostnamed.service                                                                                           loaded failed failed    Hostname Service                                                                                  
  systemd-journal-flush.service                                                                                       loaded active exited    Flush Journal to Persistent Storage                                                               
  systemd-journald.service                                                                                            loaded active running   Journal Service                                                                                   
* systemd-logind.service                                                                                              loaded failed failed    Login Service                                                                                     
  systemd-modules-load.service                                                                                        loaded active exited    Load Kernel Modules                                                                               
  systemd-networkd.service                                                                                            loaded active running   Network Service                                                                                   
  systemd-random-seed.service                                                                                         loaded active exited    Load/Save Random Seed                                                                             
  systemd-remount-fs.service                                                                                          loaded active exited    Remount Root and Kernel File Systems                                                              
  systemd-sysctl.service                                                                                              loaded active exited    Apply Kernel Variables                                                                            
* systemd-timesyncd.service                                                                                           loaded failed failed    Network Time Synchronization                                                                      
  systemd-tmpfiles-setup-dev.service                                                                                  loaded active exited    Create Static Device Nodes in /dev                                                                
  systemd-tmpfiles-setup.service                                                                                      loaded active exited    Create Volatile Files and Directories                                                             
  systemd-udev-trigger.service                                                                                        loaded active exited    udev Coldplug all Devices                                                                         
  systemd-udevd.service                                                                                               loaded active running   udev Kernel Device Manager                                                                        
  systemd-update-utmp.service                                                                                         loaded active exited    Update UTMP about System Boot/Shutdown                                                            
  systemd-user-sessions.service                                                                                       loaded active exited    Permit User Sessions                                                                              
  timestamp.service                                                                                                   loaded active exited    Timestamping service                                                                              
  wayland-app-launch.service                                                                                          loaded active running   Start a wayland application                                                                       
  weston@root.service                                                                                                 loaded active running   Weston Wayland Compositor                                                                         
  wpa_supplicant.service                                                                                              loaded active running   WPA supplicant                                                                                    
  -.slice                                                                                                             loaded active active    Root Slice                                                                                        
  system-getty.slice                                                                                                  loaded active active    system-getty.slice                                                                                
  system-serial\x2dgetty.slice                                                                                        loaded active active    system-serial\x2dgetty.slice                                                                      
  system-systemd\x2dbacklight.slice                                                                                   loaded active active    system-systemd\x2dbacklight.slice                                                                 
  system-weston.slice                                                                                                 loaded active active    system-weston.slice                                                                               
  system.slice                                                                                                        loaded active active    System Slice                                                                                      
  user.slice                                                                                                          loaded active active    User and Session Slice                                                                            
  avahi-daemon.socket                                                                                                 loaded active running   Avahi mDNS/DNS-SD Stack Activation Socket                                                         
  dbus.socket                                                                                                         loaded active running   D-Bus System Message Bus Socket                                                                   
  dropbear.socket                                                                                                     loaded active listening dropbear.socket                                                                                   
  gpsd.socket                                                                                                         loaded active listening GPS (Global Positioning System) Daemon Sockets                                                    
  rpcbind.socket                                                                                                      loaded active running   RPCbind Server Activation Socket                                                                  
  syslog.socket                                                                                                       loaded active running   Syslog Socket                                                                                     
  systemd-initctl.socket                                                                                              loaded active listening initctl Compatibility Named Pipe                                                                  
  systemd-journald-audit.socket                                                                                       loaded active running   Journal Audit Socket                                                                              
  systemd-journald-dev-log.socket                                                                                     loaded active running   Journal Socket (/dev/log)                                                                         
  systemd-journald.socket                                                                                             loaded active running   Journal Socket                                                                                    
  systemd-networkd.socket                                                                                             loaded active running   Network Service Netlink Socket                                                                    
  systemd-rfkill.socket                                                                                               loaded active listening Load/Save RF Kill Switch Status /dev/rfkill Watch                                                 
  systemd-udevd-control.socket                                                                                        loaded active running   udev Control Socket                                                                               
  systemd-udevd-kernel.socket                                                                                         loaded active running   udev Kernel Socket                                                                                
  basic.target                                                                                                        loaded active active    Basic System                                                                                      
  bluetooth.target                                                                                                    loaded active active    Bluetooth                                                                                         
  getty.target                                                                                                        loaded active active    Login Prompts                                                                                     
  graphical.target                                                                                                    loaded active active    Graphical Interface                                                                               
  local-fs-pre.target                                                                                                 loaded active active    Local File Systems (Pre)                                                                          
  local-fs.target                                                                                                     loaded active active    Local File Systems                                                                                
  multi-user.target                                                                                                   loaded active active    Multi-User System                                                                                 
  network-pre.target                                                                                                  loaded active active    Network (Pre)                                                                                     
  network.target                                                                                                      loaded active active    Network                                                                                           
  nss-lookup.target                                                                                                   loaded active active    Host and Network Name Lookups                                                                     
  paths.target                                                                                                        loaded active active    Paths                                                                                             
  remote-fs.target                                                                                                    loaded active active    Remote File Systems                                                                               
  rpcbind.target                                                                                                      loaded active active    RPC Port Mapper                                                                                   
  slices.target                                                                                                       loaded active active    Slices                                                                                            
  sockets.target                                                                                                      loaded active active    Sockets                                                                                           
  sound.target                                                                                                        loaded active active    Sound Card                                                                                        
  swap.target                                                                                                         loaded active active    Swap                                                                                              
  sysinit.target                                                                                                      loaded active active    System Initialization                                                                             
  time-set.target                                                                                                     loaded active active    System Time Set                                                                                   
  time-sync.target                                                                                                    loaded active active    System Time Synchronized                                                                          
  timers.target                                                                                                       loaded active active    Timers                                                                                            
  usb-gadget.target                                                                                                   loaded active active    Hardware activated USB gadget                                                                     
  systemd-tmpfiles-clean.timer                                                                                        loaded active waiting   Daily Cleanup of Temporary Directories                                                            

LOAD   = Reflects whether the unit definition was properly loaded.
ACTIVE = The high-level unit activation state, i.e. generalization of SUB.
SUB    = The low-level unit activation state, values depend on unit type.

147 loaded units listed. Pass --all to see loaded but inactive units, too.
To show all installed unit files use 'systemctl list-unit-files'.
